<?xml version="1.0" encoding="UTF-8"?>
<testng-results skipped="0" failed="0" ignored="0" total="1" passed="1">
  <reporter-output>
  </reporter-output>
  <suite name="Suite" duration-ms="28542" started-at="2019-02-02T06:30:55Z" finished-at="2019-02-02T06:31:23Z">
    <groups>
    </groups>
    <test name="Test" duration-ms="28542" started-at="2019-02-02T06:30:55Z" finished-at="2019-02-02T06:31:23Z">
      <class name="testcases.ExecuteTest">
        <test-method status="PASS" signature="setUp(java.lang.String)[pri:0, instance:testcases.ExecuteTest@c0663d]" name="setUp" is-config="true" duration-ms="9095" started-at="2019-02-02T06:30:55Z" finished-at="2019-02-02T06:31:04Z">
          <params>
            <param index="0">
              <value>
                <![CDATA[chrome]]>
              </value>
            </param>
          </params>
          <reporter-output>
          </reporter-output>
        </test-method> <!-- setUp -->
        <test-method status="PASS" signature="executeTest()[pri:0, instance:testcases.ExecuteTest@c0663d]" name="executeTest" duration-ms="18622" started-at="2019-02-02T06:31:04Z" finished-at="2019-02-02T06:31:23Z">
          <reporter-output>
          </reporter-output>
        </test-method> <!-- executeTest -->
        <test-method status="PASS" signature="closeDriver()[pri:0, instance:testcases.ExecuteTest@c0663d]" name="closeDriver" is-config="true" duration-ms="661" started-at="2019-02-02T06:31:23Z" finished-at="2019-02-02T06:31:23Z">
          <reporter-output>
          </reporter-output>
        </test-method> <!-- closeDriver -->
      </class> <!-- testcases.ExecuteTest -->
    </test> <!-- Test -->
  </suite> <!-- Suite -->
</testng-results>
